#
# There is insufficient memory for the Java Runtime Environment to continue.
# Native memory allocation (malloc) failed to allocate 1048576 bytes for AllocateHeap
# Possible reasons:
#   The system is out of physical RAM or swap space
#   The process is running with CompressedOops enabled, and the Java Heap may be blocking the growth of the native heap
# Possible solutions:
#   Reduce memory load on the system
#   Increase physical memory or swap space
#   Check if swap backing store is full
#   Decrease Java heap size (-Xmx/-Xms)
#   Decrease number of Java threads
#   Decrease Java thread stack sizes (-Xss)
#   Set larger code cache with -XX:ReservedCodeCacheSize=
# This output file may be truncated or incomplete.
#
#  Out of Memory Error (./open/src/hotspot/share/memory/allocation.cpp:46), pid=24676, tid=6316
#
# JRE version:  (11.0.12+8) (build )
# Java VM: Java HotSpot(TM) 64-Bit Server VM (11.0.12+8-LTS-237, mixed mode, sharing, tiered, compressed oops, g1 gc, windows-amd64)
# No core dump will be written. Minidumps are not enabled by default on client versions of Windows
#

---------------  S U M M A R Y ------------

Command Line: -Dspring.output.ansi.enabled=always -javaagent:C:\Program Files\JetBrains\IntelliJ IDEA 2021.1.3\lib\idea_rt.jar=52680:C:\Program Files\JetBrains\IntelliJ IDEA 2021.1.3\bin -Dcom.sun.management.jmxremote -Dspring.jmx.enabled=true -Dspring.liveBeansView.mbeanDomain -Dspring.application.admin.enabled=true -Dfile.encoding=UTF-8 ru.antizep.lifequestserver.LifeQuestServerApplication

Host: 11th Gen Intel(R) Core(TM) i5-1135G7 @ 2.40GHz, 8 cores, 15G,  Windows 10 , 64 bit Build 19041 (10.0.19041.1503)
Time: Sun Feb 27 03:06:25 2022 RTZ 2 (зима) elapsed time: 0.017707 seconds (0d 0h 0m 0s)

---------------  T H R E A D  ---------------

Current thread (0x0000020fdd196000):  JavaThread "Unknown thread" [_thread_in_vm, id=6316, stack(0x000000c455c00000,0x000000c455d00000)]

Stack: [0x000000c455c00000,0x000000c455d00000]
Native frames: (J=compiled Java code, j=interpreted, Vv=VM code, C=native code)
V  [jvm.dll+0x617d9a]
V  [jvm.dll+0x74eeef]
V  [jvm.dll+0x750599]
V  [jvm.dll+0x750c23]
V  [jvm.dll+0x2438d8]
V  [jvm.dll+0xb13f4]
V  [jvm.dll+0x2dcb92]
V  [jvm.dll+0x2d6dc9]
V  [jvm.dll+0x72a977]
V  [jvm.dll+0x72c21f]
V  [jvm.dll+0x34c469]
V  [jvm.dll+0x710400]
V  [jvm.dll+0x3b5baf]
V  [jvm.dll+0x3b7cb1]
C  [jli.dll+0x520b]
C  [ucrtbase.dll+0x21bb2]
C  [KERNEL32.DLL+0x17034]
C  [ntdll.dll+0x52651]


---------------  P R O C E S S  ---------------

Threads class SMR info:
_java_thread_list=0x0000020fdafa1c80, length=0, elements={
}

Java Threads: ( => current thread )

Other Threads:
  0x0000020fdd1aa800 GCTaskThread "GC Thread#0" [stack: 0x000000c455d00000,0x000000c455e00000] [id=14036]

[error occurred during error reporting (printing all threads), id 0xc0000005, EXCEPTION_ACCESS_VIOLATION (0xc0000005) at pc=0x00007ffb80842150]

VM state:not at safepoint (not fully initialized)

VM Mutex/Monitor currently owned by a thread:  ([mutex/lock_event])
[0x0000020fdd195160] Heap_lock - owner thread: 0x0000020fdd196000

Heap address: 0x0000000707000000, size: 3984 MB, Compressed Oops mode: Non-zero based: 0x0000000707000000
Narrow klass base: 0x0000000000000000, Narrow klass shift: 0

GC Heap History (0 events):
No events

Deoptimization events (0 events):
No events

Classes redefined (0 events):
No events

Internal exceptions (0 events):
No events

Events (0 events):
No events


Dynamic libraries:
0x00007ff6dcd50000 - 0x00007ff6dcd5f000 	C:\Program Files\Java\jdk-11.0.12\bin\java.exe
0x00007ffbc5030000 - 0x00007ffbc5225000 	C:\Windows\SYSTEM32\ntdll.dll
0x00007ffbc3fd0000 - 0x00007ffbc408e000 	C:\Windows\System32\KERNEL32.DLL
0x00007ffbc2d50000 - 0x00007ffbc3018000 	C:\Windows\System32\KERNELBASE.dll
0x00007ffbc2a30000 - 0x00007ffbc2b30000 	C:\Windows\System32\ucrtbase.dll
0x00007ffbba920000 - 0x00007ffbba938000 	C:\Program Files\Java\jdk-11.0.12\bin\jli.dll
0x00007ffbb9540000 - 0x00007ffbb9555000 	C:\Program Files\Java\jdk-11.0.12\bin\VCRUNTIME140.dll
0x00007ffbc3860000 - 0x00007ffbc390e000 	C:\Windows\System32\ADVAPI32.dll
0x00007ffbc40c0000 - 0x00007ffbc415e000 	C:\Windows\System32\msvcrt.dll
0x00007ffbc4f20000 - 0x00007ffbc4fbc000 	C:\Windows\System32\sechost.dll
0x00007ffbc4a90000 - 0x00007ffbc4bb5000 	C:\Windows\System32\RPCRT4.dll
0x00007ffbc3e00000 - 0x00007ffbc3fa0000 	C:\Windows\System32\USER32.dll
0x00007ffba8280000 - 0x00007ffba851a000 	C:\Windows\WinSxS\amd64_microsoft.windows.common-controls_6595b64144ccf1df_6.0.19041.1110_none_60b5254171f9507e\COMCTL32.dll
0x00007ffbc2d20000 - 0x00007ffbc2d42000 	C:\Windows\System32\win32u.dll
0x00007ffbc3d00000 - 0x00007ffbc3d2b000 	C:\Windows\System32\GDI32.dll
0x00007ffbc2710000 - 0x00007ffbc281d000 	C:\Windows\System32\gdi32full.dll
0x00007ffbc2bf0000 - 0x00007ffbc2c8d000 	C:\Windows\System32\msvcp_win.dll
0x00007ffbb9d20000 - 0x00007ffbb9d2a000 	C:\Windows\SYSTEM32\VERSION.dll
0x00007ffbc4090000 - 0x00007ffbc40c0000 	C:\Windows\System32\IMM32.DLL
0x00007ffb9d1d0000 - 0x00007ffb9d26b000 	C:\Program Files\Java\jdk-11.0.12\bin\msvcp140.dll
0x00007ffb80560000 - 0x00007ffb8105f000 	C:\Program Files\Java\jdk-11.0.12\bin\server\jvm.dll
0x00007ffbc4160000 - 0x00007ffbc4168000 	C:\Windows\System32\PSAPI.DLL
0x00007ffba8520000 - 0x00007ffba8529000 	C:\Windows\SYSTEM32\WSOCK32.dll
0x00007ffba8de0000 - 0x00007ffba8e07000 	C:\Windows\SYSTEM32\WINMM.dll
0x00007ffbc3d90000 - 0x00007ffbc3dfb000 	C:\Windows\System32\WS2_32.dll
0x00007ffbc0350000 - 0x00007ffbc0362000 	C:\Windows\SYSTEM32\kernel.appcore.dll
0x00007ffbb9c10000 - 0x00007ffbb9c20000 	C:\Program Files\Java\jdk-11.0.12\bin\verify.dll
0x00007ffbc0050000 - 0x00007ffbc0234000 	C:\Windows\SYSTEM32\DBGHELP.DLL
0x00007ffbb1970000 - 0x00007ffbb199c000 	C:\Windows\SYSTEM32\dbgcore.DLL
0x00007ffbc2c90000 - 0x00007ffbc2d12000 	C:\Windows\System32\bcryptPrimitives.dll
0x00007ffbb84f0000 - 0x00007ffbb8518000 	C:\Program Files\Java\jdk-11.0.12\bin\java.dll
0x00007ffbb9530000 - 0x00007ffbb953a000 	C:\Program Files\Java\jdk-11.0.12\bin\jimage.dll
0x00007ffbb1d50000 - 0x00007ffbb1d5e000 	C:\Program Files\Java\jdk-11.0.12\bin\instrument.dll
0x00007ffba00b0000 - 0x00007ffba00c6000 	C:\Program Files\Java\jdk-11.0.12\bin\zip.dll

dbghelp: loaded successfully - version: 4.0.5 - missing functions: none
symbol engine: initialized successfully - sym options: 0x614 - pdb path: .;C:\Program Files\Java\jdk-11.0.12\bin;C:\Windows\SYSTEM32;C:\Windows\WinSxS\amd64_microsoft.windows.common-controls_6595b64144ccf1df_6.0.19041.1110_none_60b5254171f9507e;C:\Program Files\Java\jdk-11.0.12\bin\server

VM Arguments:
jvm_args: -Dspring.output.ansi.enabled=always -javaagent:C:\Program Files\JetBrains\IntelliJ IDEA 2021.1.3\lib\idea_rt.jar=52680:C:\Program Files\JetBrains\IntelliJ IDEA 2021.1.3\bin -Dcom.sun.management.jmxremote -Dspring.jmx.enabled=true -Dspring.liveBeansView.mbeanDomain -Dspring.application.admin.enabled=true -Dfile.encoding=UTF-8 
java_command: ru.antizep.lifequestserver.LifeQuestServerApplication
java_class_path (initial): C:\Git\ismodule-suv-3\LifeQuestServer\build\classes\java\main;C:\Git\ismodule-suv-3\LifeQuestServer\build\resources\main;C:\Users\Aleksey.Bezverkhov\.gradle\caches\modules-2\files-2.1\org.projectlombok\lombok\1.18.20\18bcea7d5df4d49227b4a0743a536208ce4825bb\lombok-1.18.20.jar;C:\Users\Aleksey.Bezverkhov\.gradle\caches\modules-2\files-2.1\org.modelmapper\modelmapper\2.4.4\676d46d8304403071ec00b5d1f9165da38dd1e68\modelmapper-2.4.4.jar;C:\Users\Aleksey.Bezverkhov\.gradle\caches\modules-2\files-2.1\org.springframework.boot\spring-boot-starter-mail\2.5.5\523b3d760525749ed5c5e89bc124c77b282a78e0\spring-boot-starter-mail-2.5.5.jar;C:\Users\Aleksey.Bezverkhov\.gradle\caches\modules-2\files-2.1\org.springframework.boot\spring-boot-starter-web\2.6.2\685b236afc0144a52383cd2c52731dd016f9badd\spring-boot-starter-web-2.6.2.jar;C:\Users\Aleksey.Bezverkhov\.gradle\caches\modules-2\files-2.1\org.springframework.boot\spring-boot-starter-security\2.6.2\43ee0478a25124223e4bc0300d94239f96086253\spring-boot-starter-security-2.6.2.jar;C:\Users\Aleksey.Bezverkhov\.gradle\caches\modules-2\files-2.1\org.springframework.boot\spring-boot-starter-oauth2-client\2.6.2\6135bd7d77af3dc36b86651eaa84e20ecf03e5b2\spring-boot-starter-oauth2-client-2.6.2.jar;C:\Users\Aleksey.Bezverkhov\.gradle\caches\modules-2\files-2.1\org.springframework.boot\spring-boot-starter-data-jpa\2.5.5\5ec66dab8ad9dead3322e21d1bfafe29da89f360\spring-boot-starter-data-jpa-2.5.5.jar;C:\Users\Aleksey.Bezverkhov\.gradle\caches\modules-2\files-2.1\org.springframework.boot\spring-boot-starter-validation\2.5.5\5d9a4fc7abc28d797418013787dbc6ff548d0767\spring-boot-starter-validation-2.5.5.jar;C:\Users\Aleksey.Bezverkhov\.gradle\caches\modules-2\files-2.1\org.springframework.boot\spring-boot-starter-actuator\2.5.5\6b2a78821cd64325d16c3551717c59b8e8e72b53\spring-boot-starter-actuator-2.5.5.jar;C:\Users\Aleksey.Bezverkhov\.gradle\caches\modules-2\files-2.1\io.springfox\springfox-boot-starter\3.0.0\5486365e263f
Launcher Type: SUN_STANDARD

[Global flags]
     intx CICompilerCount                          = 4                                         {product} {ergonomic}
     uint ConcGCThreads                            = 2                                         {product} {ergonomic}
     uint G1ConcRefinementThreads                  = 8                                         {product} {ergonomic}
   size_t G1HeapRegionSize                         = 1048576                                   {product} {ergonomic}
    uintx GCDrainStackTargetSize                   = 64                                        {product} {ergonomic}
   size_t InitialHeapSize                          = 262144000                                 {product} {ergonomic}
     bool ManagementServer                         = true                                      {product} {command line}
   size_t MarkStackSize                            = 4194304                                   {product} {ergonomic}
   size_t MaxHeapSize                              = 4177526784                                {product} {ergonomic}
   size_t MinHeapDeltaBytes                        = 1048576                                   {product} {ergonomic}
    uintx NonNMethodCodeHeapSize                   = 5836300                                {pd product} {ergonomic}
    uintx NonProfiledCodeHeapSize                  = 122910970                              {pd product} {ergonomic}
    uintx ProfiledCodeHeapSize                     = 122910970                              {pd product} {ergonomic}
    uintx ReservedCodeCacheSize                    = 251658240                              {pd product} {ergonomic}
     bool SegmentedCodeCache                       = true                                      {product} {ergonomic}
     bool UseCompressedClassPointers               = true                                 {lp64_product} {ergonomic}
     bool UseCompressedOops                        = true                                 {lp64_product} {ergonomic}
     bool UseG1GC                                  = true                                      {product} {ergonomic}
     bool UseLargePagesIndividualAllocation        = false                                  {pd product} {ergonomic}

Logging:
Log output configuration:
 #0: stdout all=warning uptime,level,tags
 #1: stderr all=off uptime,level,tags

Environment Variables:
PATH=C:\Program Files\Common Files\Oracle\Java\javapath;C:\Program Files (x86)\Common Files\Oracle\Java\javapath;C:\Windows\system32;C:\Windows;C:\Windows\System32\Wbem;C:\Windows\System32\WindowsPowerShell\v1.0\;C:\Windows\System32\OpenSSH\;C:\Program Files (x86)\Sennheiser\SenncomSDK\;C:\Program Files\Git\cmd;C:\Program Files\PuTTY\;C:\Program Files (x86)\Microsoft SQL Server\150\DTS\Binn\;C:\Program Files\Azure Data Studio\bin;C:\Program Files\dotnet\;C:\Users\Aleksey.Bezverkhov\AppData\Local\Microsoft\WindowsApps;C:\Users\Aleksey.Bezverkhov\AppData\Local\GitHubDesktop\bin;C:\Program Files\Azure Data Studio\bin;C:\Users\Aleksey.Bezverkhov\.dotnet\tools;C:\Program Files\liquibase
USERNAME=Aleksey.Bezverkhov
OS=Windows_NT
PROCESSOR_IDENTIFIER=Intel64 Family 6 Model 140 Stepping 1, GenuineIntel



---------------  S Y S T E M  ---------------

OS: Windows 10 , 64 bit Build 19041 (10.0.19041.1503)
Hyper-V role detected

CPU:total 8 (initial active 8) (4 cores per cpu, 2 threads per core) family 6 model 140 stepping 1 microcode 0x66, cmov, cx8, fxsr, mmx, sse, sse2, sse3, ssse3, sse4.1, sse4.2, popcnt, avx, avx2, aes, clmul, erms, 3dnowpref, lzcnt, ht, tsc, tscinvbit, bmi1, bmi2, adx, evex, sha, fma

Memory: 4k page, system-wide physical 15931M (419M free)
TotalPageFile size 32379M (AvailPageFile size 5M)
current process WorkingSet (physical memory assigned to process): 10M, peak: 10M
current process commit charge ("private bytes"): 55M, peak: 56M

vm_info: Java HotSpot(TM) 64-Bit Server VM (11.0.12+8-LTS-237) for windows-amd64 JRE (11.0.12+8-LTS-237), built on Jun  8 2021 11:25:59 by "mach5one" with MS VC++ 15.9 (VS2017)

END.
